{"name": "Continue shopping", "status": "broken", "statusDetails": {"message": "selenium.common.exceptions.NoSuchElementException: Message: no such element: Unable to locate element: {\"method\":\"css selector\",\"selector\":\"div.bottom a.shopmore\"}\n  (Session info: chrome=130.0.6723.60); For documentation on this error, please visit: https://www.selenium.dev/documentation/webdriver/troubleshooting/errors#no-such-element-exception\nStacktrace:\n\tGetHandleVerifier [0x00007FF6F5DF3AB5+28005]\n\t(No symbol) [0x00007FF6F5D583B0]\n\t(No symbol) [0x00007FF6F5BF580A]\n\t(No symbol) [0x00007FF6F5C45A3E]\n\t(No symbol) [0x00007FF6F5C45D2C]\n\t(No symbol) [0x00007FF6F5C8EA97]\n\t(No symbol) [0x00007FF6F5C6BA7F]\n\t(No symbol) [0x00007FF6F5C8B8B3]\n\t(No symbol) [0x00007FF6F5C6B7E3]\n\t(No symbol) [0x00007FF6F5C375C8]\n\t(No symbol) [0x00007FF6F5C38731]\n\tGetHandleVerifier [0x00007FF6F60E643D+3118829]\n\tGetHandleVerifier [0x00007FF6F6136C90+3448640]\n\tGetHandleVerifier [0x00007FF6F612CF0D+3408317]\n\tGetHandleVerifier [0x00007FF6F5EBA40B+841403]\n\t(No symbol) [0x00007FF6F5D6340F]\n\t(No symbol) [0x00007FF6F5D5F484]\n\t(No symbol) [0x00007FF6F5D5F61D]\n\t(No symbol) [0x00007FF6F5D4EB79]\n\tBaseThreadInitThunk [0x00007FFE6ADE7374+20]\n\tRtlUserThreadStart [0x00007FFE6B69CC91+33]", "trace": "self = <tests.shopping_bag_test.TestShoppingBag object at 0x0000020181484FB0>\n\n    @pytest.mark.regression\n    @pytest.mark.functional\n    @allure.severity(Severity.NORMAL)\n    @allure.description(\"Verify clicking on Shop More link opens the Next home page\")\n    @allure.title(\"Continue shopping\")\n    def test_continue_shopping_link(self):\n        shopping_bag = self.add_product_to_shopping_bag_via_favorites()\n        with allure.step(\"Click on 'Shop more' link\"):\n>           shopping_bag.click(shopping_bag.SHOP_MORE_LINK)\n\ntests\\shopping_bag_test.py:91: \n_ _ _ _ _ _ _ _ _ _ _ _ _ _ _ _ _ _ _ _ _ _ _ _ _ _ _ _ _ _ _ _ _ _ _ _ _ _ _ _ _ _ _ _ _ _ _ _ _ _ _ _ _ _ _ _ _ _ _ _ _ _ _ _ _ _ _ _ _ _ _ _ _ _ _ _ _ _ _ _ _ _ _ _ _ _ _ _ _ _\npages\\base_page.py:24: in click\n    self.driver.find_element(*locator).click()\n.venv\\Lib\\site-packages\\selenium\\webdriver\\remote\\webdriver.py:741: in find_element\n    return self.execute(Command.FIND_ELEMENT, {\"using\": by, \"value\": value})[\"value\"]\n.venv\\Lib\\site-packages\\selenium\\webdriver\\remote\\webdriver.py:347: in execute\n    self.error_handler.check_response(response)\n_ _ _ _ _ _ _ _ _ _ _ _ _ _ _ _ _ _ _ _ _ _ _ _ _ _ _ _ _ _ _ _ _ _ _ _ _ _ _ _ _ _ _ _ _ _ _ _ _ _ _ _ _ _ _ _ _ _ _ _ _ _ _ _ _ _ _ _ _ _ _ _ _ _ _ _ _ _ _ _ _ _ _ _ _ _ _ _ _ _\n\nself = <selenium.webdriver.remote.errorhandler.ErrorHandler object at 0x00000201814BEDB0>\nresponse = {'status': 404, 'value': '{\"value\":{\"error\":\"no such element\",\"message\":\"no such element: Unable to locate element: {\\...07FF6F5D4EB79]\\\\n\\\\tBaseThreadInitThunk [0x00007FFE6ADE7374+20]\\\\n\\\\tRtlUserThreadStart [0x00007FFE6B69CC91+33]\\\\n\"}}'}\n\n    def check_response(self, response: Dict[str, Any]) -> None:\n        \"\"\"Checks that a JSON response from the WebDriver does not have an\n        error.\n    \n        :Args:\n         - response - The JSON response from the WebDriver server as a dictionary\n           object.\n    \n        :Raises: If the response contains an error message.\n        \"\"\"\n        status = response.get(\"status\", None)\n        if not status or status == ErrorCode.SUCCESS:\n            return\n        value = None\n        message = response.get(\"message\", \"\")\n        screen: str = response.get(\"screen\", \"\")\n        stacktrace = None\n        if isinstance(status, int):\n            value_json = response.get(\"value\", None)\n            if value_json and isinstance(value_json, str):\n                import json\n    \n                try:\n                    value = json.loads(value_json)\n                    if len(value) == 1:\n                        value = value[\"value\"]\n                    status = value.get(\"error\", None)\n                    if not status:\n                        status = value.get(\"status\", ErrorCode.UNKNOWN_ERROR)\n                        message = value.get(\"value\") or value.get(\"message\")\n                        if not isinstance(message, str):\n                            value = message\n                            message = message.get(\"message\")\n                    else:\n                        message = value.get(\"message\", None)\n                except ValueError:\n                    pass\n    \n        exception_class: Type[WebDriverException]\n        e = ErrorCode()\n        error_codes = [item for item in dir(e) if not item.startswith(\"__\")]\n        for error_code in error_codes:\n            error_info = getattr(ErrorCode, error_code)\n            if isinstance(error_info, list) and status in error_info:\n                exception_class = getattr(ExceptionMapping, error_code, WebDriverException)\n                break\n        else:\n            exception_class = WebDriverException\n    \n        if not value:\n            value = response[\"value\"]\n        if isinstance(value, str):\n            raise exception_class(value)\n        if message == \"\" and \"message\" in value:\n            message = value[\"message\"]\n    \n        screen = None  # type: ignore[assignment]\n        if \"screen\" in value:\n            screen = value[\"screen\"]\n    \n        stacktrace = None\n        st_value = value.get(\"stackTrace\") or value.get(\"stacktrace\")\n        if st_value:\n            if isinstance(st_value, str):\n                stacktrace = st_value.split(\"\\n\")\n            else:\n                stacktrace = []\n                try:\n                    for frame in st_value:\n                        line = frame.get(\"lineNumber\", \"\")\n                        file = frame.get(\"fileName\", \"<anonymous>\")\n                        if line:\n                            file = f\"{file}:{line}\"\n                        meth = frame.get(\"methodName\", \"<anonymous>\")\n                        if \"className\" in frame:\n                            meth = f\"{frame['className']}.{meth}\"\n                        msg = \"    at %s (%s)\"\n                        msg = msg % (meth, file)\n                        stacktrace.append(msg)\n                except TypeError:\n                    pass\n        if exception_class == UnexpectedAlertPresentException:\n            alert_text = None\n            if \"data\" in value:\n                alert_text = value[\"data\"].get(\"text\")\n            elif \"alert\" in value:\n                alert_text = value[\"alert\"].get(\"text\")\n            raise exception_class(message, screen, stacktrace, alert_text)  # type: ignore[call-arg]  # mypy is not smart enough here\n>       raise exception_class(message, screen, stacktrace)\nE       selenium.common.exceptions.NoSuchElementException: Message: no such element: Unable to locate element: {\"method\":\"css selector\",\"selector\":\"div.bottom a.shopmore\"}\nE         (Session info: chrome=130.0.6723.60); For documentation on this error, please visit: https://www.selenium.dev/documentation/webdriver/troubleshooting/errors#no-such-element-exception\nE       Stacktrace:\nE       \tGetHandleVerifier [0x00007FF6F5DF3AB5+28005]\nE       \t(No symbol) [0x00007FF6F5D583B0]\nE       \t(No symbol) [0x00007FF6F5BF580A]\nE       \t(No symbol) [0x00007FF6F5C45A3E]\nE       \t(No symbol) [0x00007FF6F5C45D2C]\nE       \t(No symbol) [0x00007FF6F5C8EA97]\nE       \t(No symbol) [0x00007FF6F5C6BA7F]\nE       \t(No symbol) [0x00007FF6F5C8B8B3]\nE       \t(No symbol) [0x00007FF6F5C6B7E3]\nE       \t(No symbol) [0x00007FF6F5C375C8]\nE       \t(No symbol) [0x00007FF6F5C38731]\nE       \tGetHandleVerifier [0x00007FF6F60E643D+3118829]\nE       \tGetHandleVerifier [0x00007FF6F6136C90+3448640]\nE       \tGetHandleVerifier [0x00007FF6F612CF0D+3408317]\nE       \tGetHandleVerifier [0x00007FF6F5EBA40B+841403]\nE       \t(No symbol) [0x00007FF6F5D6340F]\nE       \t(No symbol) [0x00007FF6F5D5F484]\nE       \t(No symbol) [0x00007FF6F5D5F61D]\nE       \t(No symbol) [0x00007FF6F5D4EB79]\nE       \tBaseThreadInitThunk [0x00007FFE6ADE7374+20]\nE       \tRtlUserThreadStart [0x00007FFE6B69CC91+33]\n\n.venv\\Lib\\site-packages\\selenium\\webdriver\\remote\\errorhandler.py:229: NoSuchElementException"}, "description": "Verify clicking on Shop More link opens the Next home page", "steps": [{"name": "Add product to favorites page", "status": "passed", "start": 1730106838144, "stop": 1730106840200}, {"name": "Open favorites page", "status": "passed", "start": 1730106840200, "stop": 1730106841363}, {"name": "Add product to shopping bag", "status": "passed", "start": 1730106841363, "stop": 1730106844377}, {"name": "Click on 'Shop more' link", "status": "broken", "statusDetails": {"message": "selenium.common.exceptions.NoSuchElementException: Message: no such element: Unable to locate element: {\"method\":\"css selector\",\"selector\":\"div.bottom a.shopmore\"}\n  (Session info: chrome=130.0.6723.60); For documentation on this error, please visit: https://www.selenium.dev/documentation/webdriver/troubleshooting/errors#no-such-element-exception\nStacktrace:\n\tGetHandleVerifier [0x00007FF6F5DF3AB5+28005]\n\t(No symbol) [0x00007FF6F5D583B0]\n\t(No symbol) [0x00007FF6F5BF580A]\n\t(No symbol) [0x00007FF6F5C45A3E]\n\t(No symbol) [0x00007FF6F5C45D2C]\n\t(No symbol) [0x00007FF6F5C8EA97]\n\t(No symbol) [0x00007FF6F5C6BA7F]\n\t(No symbol) [0x00007FF6F5C8B8B3]\n\t(No symbol) [0x00007FF6F5C6B7E3]\n\t(No symbol) [0x00007FF6F5C375C8]\n\t(No symbol) [0x00007FF6F5C38731]\n\tGetHandleVerifier [0x00007FF6F60E643D+3118829]\n\tGetHandleVerifier [0x00007FF6F6136C90+3448640]\n\tGetHandleVerifier [0x00007FF6F612CF0D+3408317]\n\tGetHandleVerifier [0x00007FF6F5EBA40B+841403]\n\t(No symbol) [0x00007FF6F5D6340F]\n\t(No symbol) [0x00007FF6F5D5F484]\n\t(No symbol) [0x00007FF6F5D5F61D]\n\t(No symbol) [0x00007FF6F5D4EB79]\n\tBaseThreadInitThunk [0x00007FFE6ADE7374+20]\n\tRtlUserThreadStart [0x00007FFE6B69CC91+33]\n\n", "trace": "  File \"C:\\Users\\inbal_74fy9bi\\PycharmProjects\\nextWebsite\\tests\\shopping_bag_test.py\", line 91, in test_continue_shopping_link\n    shopping_bag.click(shopping_bag.SHOP_MORE_LINK)\n  File \"C:\\Users\\inbal_74fy9bi\\PycharmProjects\\nextWebsite\\pages\\base_page.py\", line 24, in click\n    self.driver.find_element(*locator).click()\n    ^^^^^^^^^^^^^^^^^^^^^^^^^^^^^^^^^^\n  File \"C:\\Users\\inbal_74fy9bi\\PycharmProjects\\nextWebsite\\.venv\\Lib\\site-packages\\selenium\\webdriver\\remote\\webdriver.py\", line 741, in find_element\n    return self.execute(Command.FIND_ELEMENT, {\"using\": by, \"value\": value})[\"value\"]\n           ^^^^^^^^^^^^^^^^^^^^^^^^^^^^^^^^^^^^^^^^^^^^^^^^^^^^^^^^^^^^^^^^^\n  File \"C:\\Users\\inbal_74fy9bi\\PycharmProjects\\nextWebsite\\.venv\\Lib\\site-packages\\selenium\\webdriver\\remote\\webdriver.py\", line 347, in execute\n    self.error_handler.check_response(response)\n  File \"C:\\Users\\inbal_74fy9bi\\PycharmProjects\\nextWebsite\\.venv\\Lib\\site-packages\\selenium\\webdriver\\remote\\errorhandler.py\", line 229, in check_response\n    raise exception_class(message, screen, stacktrace)\n"}, "start": 1730106848423, "stop": 1730106849443}], "attachments": [{"name": "screenshot", "source": "9eeb6db0-5c66-484c-b8aa-d8269dcfcc79-attachment.png", "type": "image/png"}], "start": 1730106833038, "stop": 1730106849445, "uuid": "54d12a21-2f2f-4877-b448-6c3346b119c3", "historyId": "57bce34c806047583258715116efda0d", "testCaseId": "57bce34c806047583258715116efda0d", "fullName": "tests.shopping_bag_test.TestShoppingBag#test_continue_shopping_link", "labels": [{"name": "severity", "value": "normal"}, {"name": "tag", "value": "functional"}, {"name": "tag", "value": "regression"}, {"name": "parentSuite", "value": "tests"}, {"name": "suite", "value": "shopping_bag_test"}, {"name": "subSuite", "value": "TestShoppingBag"}, {"name": "host", "value": "LIORSLAPTOP"}, {"name": "thread", "value": "45852-MainThread"}, {"name": "framework", "value": "pytest"}, {"name": "language", "value": "cpython3"}, {"name": "package", "value": "tests.shopping_bag_test"}]}